[2m2025-01-13T07:32:12.007683Z[0m [33m WARN[0m [2matac::app::files::key_bindings[0m[2m:[0m No key bindings file found, using default
[2m2025-01-13T07:32:12.007712Z[0m [33m WARN[0m [2matac::app::files::theme[0m[2m:[0m No theme file found, using default
[2m2025-01-13T07:32:14.720299Z[0m [34mDEBUG[0m [2matac::tui::events[0m[2m:[0m Key pressed: Up
[2m2025-01-13T07:32:15.207286Z[0m [34mDEBUG[0m [2matac::tui::events[0m[2m:[0m Key pressed: Up
[2m2025-01-13T07:32:15.566579Z[0m [34mDEBUG[0m [2matac::tui::events[0m[2m:[0m Key pressed: Down
[2m2025-01-13T07:32:28.960564Z[0m [34mDEBUG[0m [2matac::tui::events[0m[2m:[0m Key pressed: Enter
[2m2025-01-13T07:32:29.808202Z[0m [34mDEBUG[0m [2matac::tui::events[0m[2m:[0m Key pressed: Down
[2m2025-01-13T07:32:30.240391Z[0m [34mDEBUG[0m [2matac::tui::events[0m[2m:[0m Key pressed: Enter
[2m2025-01-13T07:32:30.865231Z[0m [34mDEBUG[0m [2matac::tui::events[0m[2m:[0m Key pressed: Space
[2m2025-01-13T07:32:30.865245Z[0m [32m INFO[0m [2matac::app::business_logic::request::send[0m[2m:[0m Sending request
[2m2025-01-13T07:32:30.865311Z[0m [34mDEBUG[0m [1mHTTP request[0m[1m{[0m[3mhttp.request.method[0m[2m=[0mGET [3murl.scheme[0m[2m=[0mhttps [3mserver.address[0m[2m=[0mneutralnews.dev [3mserver.port[0m[2m=[0m443 [3muser_agent.original[0m[2m=[0mATAC/v0.18.1 [3motel.kind[0m[2m=[0m"client" [3motel.name[0m[2m=[0marticles[1m}[0m[2m:[0m [2mreqwest::connect[0m[2m:[0m starting new connection: https://neutralnews.dev/    
[2m2025-01-13T07:32:30.865356Z[0m [34mDEBUG[0m [2mhyper_util::client::legacy::connect::dns[0m[2m:[0m resolving host="neutralnews.dev"
[2m2025-01-13T07:32:30.948809Z[0m [34mDEBUG[0m [1mHTTP request[0m[1m{[0m[3mhttp.request.method[0m[2m=[0mGET [3murl.scheme[0m[2m=[0mhttps [3mserver.address[0m[2m=[0mneutralnews.dev [3mserver.port[0m[2m=[0m443 [3muser_agent.original[0m[2m=[0mATAC/v0.18.1 [3motel.kind[0m[2m=[0m"client" [3motel.name[0m[2m=[0marticles[1m}[0m[2m:[0m [2mhyper_util::client::legacy::connect::http[0m[2m:[0m connecting to 35.166.206.128:443
[2m2025-01-13T07:32:30.981178Z[0m [34mDEBUG[0m [1mHTTP request[0m[1m{[0m[3mhttp.request.method[0m[2m=[0mGET [3murl.scheme[0m[2m=[0mhttps [3mserver.address[0m[2m=[0mneutralnews.dev [3mserver.port[0m[2m=[0m443 [3muser_agent.original[0m[2m=[0mATAC/v0.18.1 [3motel.kind[0m[2m=[0m"client" [3motel.name[0m[2m=[0marticles[1m}[0m[2m:[0m [2mhyper_util::client::legacy::connect::http[0m[2m:[0m connected to 35.166.206.128:443
[2m2025-01-13T07:33:06.607921Z[0m [34mDEBUG[0m [2matac::tui::events[0m[2m:[0m Key pressed: e
[2m2025-01-13T07:33:07.727847Z[0m [34mDEBUG[0m [2matac::tui::events[0m[2m:[0m Key pressed: e
[2m2025-01-13T07:33:07.911820Z[0m [34mDEBUG[0m [2matac::tui::events[0m[2m:[0m Key pressed: e
[2m2025-01-13T07:33:08.079362Z[0m [34mDEBUG[0m [2matac::tui::events[0m[2m:[0m Key pressed: e
[2m2025-01-13T07:33:08.239880Z[0m [34mDEBUG[0m [2matac::tui::events[0m[2m:[0m Key pressed: e
[2m2025-01-13T07:33:08.392085Z[0m [34mDEBUG[0m [2matac::tui::events[0m[2m:[0m Key pressed: e
[2m2025-01-13T07:33:08.526683Z[0m [34mDEBUG[0m [2matac::tui::events[0m[2m:[0m Key pressed: e
[2m2025-01-13T07:33:10.655883Z[0m [34mDEBUG[0m [2matac::tui::events[0m[2m:[0m Key pressed: Esc
